Script started on 2022-11-10 22:13:27-05:00 [TERM="xterm-256color" TTY="/dev/pts/0" COLUMNS="118" LINES="58"]
]0;nick@nick-virtual-machine: ~/Desktop/networking[01;32mnick@nick-virtual-machine[00m:[01;34m~/Desktop/networking[00m$ ./server
MAIN: Server listening...
MAIN: Waiting on client connection
MAIN: Client connected on socket 4
MAIN: Waiting on client connection
CLIENT_HANDLER: In joinhandler thread
CLIENT_HANDLER: nick validated
CLIENT_HANDLER: Waiting for room request packet
CLIENT_HANDLER: nick requested to join test

CLIENT_HANDLER: Sending ACK to user nick
MAIN: Client connected on socket 5
MAIN: Waiting on client connection
CLIENT_HANDLER: In joinhandler thread
CLIENT_HANDLER: maria validated
CLIENT_HANDLER: Waiting for room request packet
CLIENT_HANDLER: maria requested to join test

CLIENT_HANDLER: Send success to socket 4
CLIENT_HANDLER: Sending ACK to user maria
CLIENT_HANDLER: Send success to socket 5
CLIENT_HANDLER: Send success to socket 4
]0;nick@nick-virtual-machine: ~/Desktop/networking[01;32mnick@nick-virtual-machine[00m:[01;34m~/Desktop/networking[00m$ exit
exit

Script done on 2022-11-10 22:14:10-05:00 [COMMAND_EXIT_CODE="139"]
